<?xml version="1.0" encoding="UTF-8"?>
<!-- Generated by org.testng.reporters.JUnitReportReporter -->
<testsuite hostname="Zixiang" failures="1" tests="14" name="runner.RegressionRunner" time="179.112" errors="0" timestamp="2022-04-08T20:24:36 SGT" skipped="0">
  <testcase classname="runner.RegressionRunner" name="runScenario" time="6.305"/>
  <system-out/>
  <testcase classname="runner.RegressionRunner" name="runScenario" time="20.701">
    <failure message="Did not go back to Sign Up - Personal page expected [Sign Up - Personal] but found [Sign Up - Address]" type="java.lang.AssertionError">
      <![CDATA[java.lang.AssertionError: Did not go back to Sign Up - Personal page expected [Sign Up - Personal] but found [Sign Up - Address]
at org.testng.Assert.fail(Assert.java:99)
at org.testng.Assert.failNotEquals(Assert.java:1037)
at org.testng.Assert.assertEqualsImpl(Assert.java:140)
at org.testng.Assert.assertEquals(Assert.java:122)
at org.testng.Assert.assertEquals(Assert.java:629)
at steps.SignUpTest.it_should_bring_user_back_to_sign_up_personal_page(SignUpTest.java:184)
at ✽.It should bring user back to Sign Up - Personal page(file:///home/zixiang/git/phase6_project2_medicare_automation_test/src/test/resources/featureFiles/medicare_SignUp.feature:83)
]]>
    </failure>
  </testcase> <!-- runScenario -->
  <system-out/>
  <testcase classname="runner.RegressionRunner" name="runScenario" time="6.915"/>
  <system-out/>
  <testcase classname="runner.RegressionRunner" name="runScenario" time="7.341"/>
  <system-out/>
  <testcase classname="runner.RegressionRunner" name="runScenario" time="16.034"/>
  <system-out/>
  <testcase classname="runner.RegressionRunner" name="runScenario" time="7.069"/>
  <system-out/>
  <testcase classname="runner.RegressionRunner" name="runScenario" time="20.743"/>
  <system-out/>
  <testcase classname="runner.RegressionRunner" name="runScenario" time="16.860"/>
  <system-out/>
  <testcase classname="runner.RegressionRunner" name="runScenario" time="6.852"/>
  <system-out/>
  <testcase classname="runner.RegressionRunner" name="runScenario" time="7.914"/>
  <system-out/>
  <testcase classname="runner.RegressionRunner" name="runScenario" time="23.203"/>
  <system-out/>
  <testcase classname="runner.RegressionRunner" name="runScenario" time="25.590"/>
  <system-out/>
  <testcase classname="runner.RegressionRunner" name="runScenario" time="6.997"/>
  <system-out/>
  <testcase classname="runner.RegressionRunner" name="runScenario" time="6.588"/>
  <system-out/>
</testsuite> <!-- runner.RegressionRunner -->
